
*** Running vivado
    with args -log design_1_wrapper.vdi -applog -m64 -product Vivado -messageDb vivado.pb -mode batch -source design_1_wrapper.tcl -notrace


****** Vivado v2024.1 (64-bit)
  **** SW Build 5076996 on Wed May 22 18:36:09 MDT 2024
  **** IP Build 5075265 on Wed May 22 21:45:21 MDT 2024
  **** SharedData Build 5076995 on Wed May 22 18:29:18 MDT 2024
  **** Start of session at: Sat Nov  8 23:51:36 2025
    ** Copyright 1986-2022 Xilinx, Inc. All Rights Reserved.
    ** Copyright 2022-2024 Advanced Micro Devices, Inc. All Rights Reserved.

source design_1_wrapper.tcl -notrace
INFO: [IP_Flow 19-234] Refreshing IP repositories
INFO: [IP_Flow 19-1700] Loaded user IP repository '/home/jack/driver_development_petalinux/ip_repo/Blink_1_0'.
INFO: [IP_Flow 19-2313] Loaded Vivado IP repository '/home/jack/Xilinx/Vivado/2024.1/data/ip'.
Command: link_design -top design_1_wrapper -part xc7z020clg400-1
Design is defaulting to srcset: sources_1
Design is defaulting to constrset: constrs_1
INFO: [Device 21-403] Loading part xc7z020clg400-1
INFO: [Device 21-9227] Part: xc7z020clg400-1 does not have CEAM library.
INFO: [Project 1-454] Reading design checkpoint '/home/jack/driver_development_petalinux/project/project.gen/sources_1/bd/design_1/ip/design_1_Blink_0_0/design_1_Blink_0_0.dcp' for cell 'design_1_i/Blink_0'
INFO: [Project 1-454] Reading design checkpoint '/home/jack/driver_development_petalinux/project/project.gen/sources_1/bd/design_1/ip/design_1_processing_system7_0_0/design_1_processing_system7_0_0.dcp' for cell 'design_1_i/processing_system7_0'
INFO: [Project 1-454] Reading design checkpoint '/home/jack/driver_development_petalinux/project/project.gen/sources_1/bd/design_1/ip/design_1_rst_ps7_0_100M_0/design_1_rst_ps7_0_100M_0.dcp' for cell 'design_1_i/rst_ps7_0_100M'
INFO: [Project 1-454] Reading design checkpoint '/home/jack/driver_development_petalinux/project/project.gen/sources_1/bd/design_1/ip/design_1_auto_pc_0/design_1_auto_pc_0.dcp' for cell 'design_1_i/ps7_0_axi_periph/s00_couplers/auto_pc'
Netlist sorting complete. Time (s): cpu = 00:00:00.02 ; elapsed = 00:00:00.02 . Memory (MB): peak = 1775.746 ; gain = 0.000 ; free physical = 4270 ; free virtual = 8345
INFO: [Netlist 29-17] Analyzing 25 Unisim elements for replacement
INFO: [Netlist 29-28] Unisim Transformation completed in 0 CPU seconds
INFO: [Project 1-479] Netlist was created with Vivado 2024.1
INFO: [Project 1-570] Preparing netlist for logic optimization
Parsing XDC File [/home/jack/driver_development_petalinux/project/project.gen/sources_1/bd/design_1/ip/design_1_processing_system7_0_0/design_1_processing_system7_0_0.xdc] for cell 'design_1_i/processing_system7_0/inst'
Finished Parsing XDC File [/home/jack/driver_development_petalinux/project/project.gen/sources_1/bd/design_1/ip/design_1_processing_system7_0_0/design_1_processing_system7_0_0.xdc] for cell 'design_1_i/processing_system7_0/inst'
Parsing XDC File [/home/jack/driver_development_petalinux/project/project.gen/sources_1/bd/design_1/ip/design_1_rst_ps7_0_100M_0/design_1_rst_ps7_0_100M_0_board.xdc] for cell 'design_1_i/rst_ps7_0_100M/U0'
Finished Parsing XDC File [/home/jack/driver_development_petalinux/project/project.gen/sources_1/bd/design_1/ip/design_1_rst_ps7_0_100M_0/design_1_rst_ps7_0_100M_0_board.xdc] for cell 'design_1_i/rst_ps7_0_100M/U0'
Parsing XDC File [/home/jack/driver_development_petalinux/project/project.gen/sources_1/bd/design_1/ip/design_1_rst_ps7_0_100M_0/design_1_rst_ps7_0_100M_0.xdc] for cell 'design_1_i/rst_ps7_0_100M/U0'
Finished Parsing XDC File [/home/jack/driver_development_petalinux/project/project.gen/sources_1/bd/design_1/ip/design_1_rst_ps7_0_100M_0/design_1_rst_ps7_0_100M_0.xdc] for cell 'design_1_i/rst_ps7_0_100M/U0'
Parsing XDC File [/home/jack/driver_development_petalinux/project/project.srcs/constrs_1/new/pynq-z2.xdc]
Finished Parsing XDC File [/home/jack/driver_development_petalinux/project/project.srcs/constrs_1/new/pynq-z2.xdc]
INFO: [Opt 31-138] Pushed 0 inverter(s) to 0 load pin(s).
Netlist sorting complete. Time (s): cpu = 00:00:00 ; elapsed = 00:00:00 . Memory (MB): peak = 2109.262 ; gain = 0.000 ; free physical = 4197 ; free virtual = 8251
INFO: [Project 1-111] Unisim Transformation Summary:
No Unisim elements were transformed.

15 Infos, 0 Warnings, 0 Critical Warnings and 0 Errors encountered.
link_design completed successfully
link_design: Time (s): cpu = 00:00:06 ; elapsed = 00:00:06 . Memory (MB): peak = 2109.262 ; gain = 712.367 ; free physical = 4197 ; free virtual = 8251
Command: opt_design
Attempting to get a license for feature 'Implementation' and/or device 'xc7z020'
INFO: [Common 17-349] Got license for feature 'Implementation' and/or device 'xc7z020'
Running DRC as a precondition to command opt_design

Starting DRC Task
INFO: [DRC 23-27] Running DRC with 8 threads
INFO: [Project 1-461] DRC finished with 0 Errors
INFO: [Project 1-462] Please refer to the DRC report (report_drc) for more information.

Time (s): cpu = 00:00:00.74 ; elapsed = 00:00:00.43 . Memory (MB): peak = 2109.262 ; gain = 0.000 ; free physical = 4161 ; free virtual = 8215

Starting Cache Timing Information Task
INFO: [Timing 38-35] Done setting XDC timing constraints.
Ending Cache Timing Information Task | Checksum: 15f514cb7

Time (s): cpu = 00:00:04 ; elapsed = 00:00:04 . Memory (MB): peak = 2538.773 ; gain = 429.512 ; free physical = 3758 ; free virtual = 7812

Starting Logic Optimization Task

Phase 1 Initialization

Phase 1.1 Core Generation And Design Setup
Phase 1.1 Core Generation And Design Setup | Checksum: 15f514cb7

Time (s): cpu = 00:00:00.01 ; elapsed = 00:00:00 . Memory (MB): peak = 2851.609 ; gain = 0.000 ; free physical = 3443 ; free virtual = 7497

Phase 1.2 Setup Constraints And Sort Netlist
Phase 1.2 Setup Constraints And Sort Netlist | Checksum: 15f514cb7

Time (s): cpu = 00:00:00.01 ; elapsed = 00:00:00 . Memory (MB): peak = 2851.609 ; gain = 0.000 ; free physical = 3443 ; free virtual = 7497
Phase 1 Initialization | Checksum: 15f514cb7

Time (s): cpu = 00:00:00.01 ; elapsed = 00:00:00 . Memory (MB): peak = 2851.609 ; gain = 0.000 ; free physical = 3443 ; free virtual = 7497

Phase 2 Timer Update And Timing Data Collection

Phase 2.1 Timer Update
Phase 2.1 Timer Update | Checksum: 15f514cb7

Time (s): cpu = 00:00:00.06 ; elapsed = 00:00:00.02 . Memory (MB): peak = 2851.609 ; gain = 0.000 ; free physical = 3443 ; free virtual = 7497

Phase 2.2 Timing Data Collection
Phase 2.2 Timing Data Collection | Checksum: 15f514cb7

Time (s): cpu = 00:00:00.06 ; elapsed = 00:00:00.03 . Memory (MB): peak = 2851.609 ; gain = 0.000 ; free physical = 3443 ; free virtual = 7497
Phase 2 Timer Update And Timing Data Collection | Checksum: 15f514cb7

Time (s): cpu = 00:00:00.07 ; elapsed = 00:00:00.03 . Memory (MB): peak = 2851.609 ; gain = 0.000 ; free physical = 3443 ; free virtual = 7497

Phase 3 Retarget
INFO: [Opt 31-1834] Total Chains To Be Transformed Were: 0 AND Number of Transformed insts Created are: 0
INFO: [Opt 31-138] Pushed 0 inverter(s) to 0 load pin(s).
INFO: [Opt 31-49] Retargeted 0 cell(s).
Phase 3 Retarget | Checksum: 16abb4b2a

Time (s): cpu = 00:00:00.15 ; elapsed = 00:00:00.06 . Memory (MB): peak = 2851.609 ; gain = 0.000 ; free physical = 3444 ; free virtual = 7499
Retarget | Checksum: 16abb4b2a
INFO: [Opt 31-389] Phase Retarget created 4 cells and removed 29 cells

Phase 4 Constant propagation
INFO: [Opt 31-138] Pushed 0 inverter(s) to 0 load pin(s).
Phase 4 Constant propagation | Checksum: 1b96e1353

Time (s): cpu = 00:00:00.18 ; elapsed = 00:00:00.07 . Memory (MB): peak = 2851.609 ; gain = 0.000 ; free physical = 3444 ; free virtual = 7499
Constant propagation | Checksum: 1b96e1353
INFO: [Opt 31-389] Phase Constant propagation created 0 cells and removed 8 cells

Phase 5 Sweep
Phase 5 Sweep | Checksum: 1c4c84163

Time (s): cpu = 00:00:00.24 ; elapsed = 00:00:00.13 . Memory (MB): peak = 2851.609 ; gain = 0.000 ; free physical = 3445 ; free virtual = 7499
Sweep | Checksum: 1c4c84163
INFO: [Opt 31-389] Phase Sweep created 0 cells and removed 297 cells

Phase 6 BUFG optimization
Phase 6 BUFG optimization | Checksum: 1c4c84163

Time (s): cpu = 00:00:00.26 ; elapsed = 00:00:00.14 . Memory (MB): peak = 2851.609 ; gain = 0.000 ; free physical = 3445 ; free virtual = 7499
BUFG optimization | Checksum: 1c4c84163
INFO: [Opt 31-662] Phase BUFG optimization created 0 cells of which 0 are BUFGs and removed 0 cells.

Phase 7 Shift Register Optimization
INFO: [Opt 31-1064] SRL Remap converted 0 SRLs to 0 registers and converted 0 registers of register chains to 0 SRLs
Phase 7 Shift Register Optimization | Checksum: 1c4c84163

Time (s): cpu = 00:00:00.27 ; elapsed = 00:00:00.14 . Memory (MB): peak = 2851.609 ; gain = 0.000 ; free physical = 3445 ; free virtual = 7499
Shift Register Optimization | Checksum: 1c4c84163
INFO: [Opt 31-389] Phase Shift Register Optimization created 0 cells and removed 0 cells

Phase 8 Post Processing Netlist
Phase 8 Post Processing Netlist | Checksum: 239a9a440

Time (s): cpu = 00:00:00.27 ; elapsed = 00:00:00.15 . Memory (MB): peak = 2851.609 ; gain = 0.000 ; free physical = 3448 ; free virtual = 7502
Post Processing Netlist | Checksum: 239a9a440
INFO: [Opt 31-389] Phase Post Processing Netlist created 0 cells and removed 0 cells

Phase 9 Finalization

Phase 9.1 Finalizing Design Cores and Updating Shapes
Phase 9.1 Finalizing Design Cores and Updating Shapes | Checksum: 16158def1

Time (s): cpu = 00:00:00.32 ; elapsed = 00:00:00.17 . Memory (MB): peak = 2851.609 ; gain = 0.000 ; free physical = 3448 ; free virtual = 7503

Phase 9.2 Verifying Netlist Connectivity

Starting Connectivity Check Task

Time (s): cpu = 00:00:00.01 ; elapsed = 00:00:00 . Memory (MB): peak = 2851.609 ; gain = 0.000 ; free physical = 3448 ; free virtual = 7503
Phase 9.2 Verifying Netlist Connectivity | Checksum: 16158def1

Time (s): cpu = 00:00:00.35 ; elapsed = 00:00:00.18 . Memory (MB): peak = 2851.609 ; gain = 0.000 ; free physical = 3448 ; free virtual = 7503
Phase 9 Finalization | Checksum: 16158def1

Time (s): cpu = 00:00:00.36 ; elapsed = 00:00:00.18 . Memory (MB): peak = 2851.609 ; gain = 0.000 ; free physical = 3448 ; free virtual = 7503
Opt_design Change Summary
=========================


-------------------------------------------------------------------------------------------------------------------------
|  Phase                        |  #Cells created  |  #Cells Removed  |  #Constrained objects preventing optimizations  |
-------------------------------------------------------------------------------------------------------------------------
|  Retarget                     |               4  |              29  |                                              0  |
|  Constant propagation         |               0  |               8  |                                              0  |
|  Sweep                        |               0  |             297  |                                              0  |
|  BUFG optimization            |               0  |               0  |                                              0  |
|  Shift Register Optimization  |               0  |               0  |                                              0  |
|  Post Processing Netlist      |               0  |               0  |                                              0  |
-------------------------------------------------------------------------------------------------------------------------


Ending Logic Optimization Task | Checksum: 16158def1

Time (s): cpu = 00:00:00.36 ; elapsed = 00:00:00.18 . Memory (MB): peak = 2851.609 ; gain = 0.000 ; free physical = 3448 ; free virtual = 7503

Starting Power Optimization Task
INFO: [Pwropt 34-132] Skipping clock gating for clocks with a period < 2.00 ns.
Ending Power Optimization Task | Checksum: 16158def1

Time (s): cpu = 00:00:00.01 ; elapsed = 00:00:00.01 . Memory (MB): peak = 2851.609 ; gain = 0.000 ; free physical = 3448 ; free virtual = 7503

Starting Final Cleanup Task
Ending Final Cleanup Task | Checksum: 16158def1

Time (s): cpu = 00:00:00.01 ; elapsed = 00:00:00 . Memory (MB): peak = 2851.609 ; gain = 0.000 ; free physical = 3448 ; free virtual = 7503

Starting Netlist Obfuscation Task
Netlist sorting complete. Time (s): cpu = 00:00:00 ; elapsed = 00:00:00 . Memory (MB): peak = 2851.609 ; gain = 0.000 ; free physical = 3448 ; free virtual = 7503
Ending Netlist Obfuscation Task | Checksum: 16158def1

Time (s): cpu = 00:00:00 ; elapsed = 00:00:00 . Memory (MB): peak = 2851.609 ; gain = 0.000 ; free physical = 3448 ; free virtual = 7503
INFO: [Common 17-83] Releasing license: Implementation
33 Infos, 0 Warnings, 0 Critical Warnings and 0 Errors encountered.
opt_design completed successfully
opt_design: Time (s): cpu = 00:00:06 ; elapsed = 00:00:06 . Memory (MB): peak = 2851.609 ; gain = 742.348 ; free physical = 3448 ; free virtual = 7503
INFO: [Vivado 12-24828] Executing command : report_drc -file design_1_wrapper_drc_opted.rpt -pb design_1_wrapper_drc_opted.pb -rpx design_1_wrapper_drc_opted.rpx
Command: report_drc -file design_1_wrapper_drc_opted.rpt -pb design_1_wrapper_drc_opted.pb -rpx design_1_wrapper_drc_opted.rpx
INFO: [IP_Flow 19-1839] IP Catalog is up to date.
INFO: [DRC 23-27] Running DRC with 8 threads
INFO: [Vivado_Tcl 2-168] The results of DRC are in file /home/jack/driver_development_petalinux/project/project.runs/impl_1/design_1_wrapper_drc_opted.rpt.
report_drc completed successfully
INFO: [Timing 38-480] Writing timing data to binary archive.
Write ShapeDB Complete: Time (s): cpu = 00:00:00.01 ; elapsed = 00:00:00 . Memory (MB): peak = 2939.652 ; gain = 0.000 ; free physical = 3457 ; free virtual = 7512
Wrote PlaceDB: Time (s): cpu = 00:00:00.06 ; elapsed = 00:00:00.02 . Memory (MB): peak = 2939.652 ; gain = 0.000 ; free physical = 3456 ; free virtual = 7511
Wrote PulsedLatchDB: Time (s): cpu = 00:00:00 ; elapsed = 00:00:00 . Memory (MB): peak = 2939.652 ; gain = 0.000 ; free physical = 3456 ; free virtual = 7511
Writing XDEF routing.
Writing XDEF routing logical nets.
Writing XDEF routing special nets.
Wrote RouteStorage: Time (s): cpu = 00:00:00.07 ; elapsed = 00:00:00.02 . Memory (MB): peak = 2939.652 ; gain = 0.000 ; free physical = 3456 ; free virtual = 7511
Wrote Netlist Cache: Time (s): cpu = 00:00:00 ; elapsed = 00:00:00 . Memory (MB): peak = 2939.652 ; gain = 0.000 ; free physical = 3456 ; free virtual = 7511
Wrote Device Cache: Time (s): cpu = 00:00:00.01 ; elapsed = 00:00:00 . Memory (MB): peak = 2939.652 ; gain = 0.000 ; free physical = 3456 ; free virtual = 7512
Write Physdb Complete: Time (s): cpu = 00:00:00.16 ; elapsed = 00:00:00.04 . Memory (MB): peak = 2939.652 ; gain = 0.000 ; free physical = 3456 ; free virtual = 7512
INFO: [Common 17-1381] The checkpoint '/home/jack/driver_development_petalinux/project/project.runs/impl_1/design_1_wrapper_opt.dcp' has been generated.
Command: place_design
Attempting to get a license for feature 'Implementation' and/or device 'xc7z020'
INFO: [Common 17-349] Got license for feature 'Implementation' and/or device 'xc7z020'
INFO: [Common 17-83] Releasing license: Implementation
INFO: [DRC 23-27] Running DRC with 8 threads
INFO: [Vivado_Tcl 4-198] DRC finished with 0 Errors
INFO: [Vivado_Tcl 4-199] Please refer to the DRC report (report_drc) for more information.
Running DRC as a precondition to command place_design
INFO: [DRC 23-27] Running DRC with 8 threads
INFO: [Vivado_Tcl 4-198] DRC finished with 0 Errors
INFO: [Vivado_Tcl 4-199] Please refer to the DRC report (report_drc) for more information.
INFO: [Place 30-611] Multithreading enabled for place_design using a maximum of 8 CPUs

Starting Placer Task

Phase 1 Placer Initialization

Phase 1.1 Placer Initialization Netlist Sorting
Netlist sorting complete. Time (s): cpu = 00:00:00 ; elapsed = 00:00:00 . Memory (MB): peak = 2939.652 ; gain = 0.000 ; free physical = 3458 ; free virtual = 7513
Phase 1.1 Placer Initialization Netlist Sorting | Checksum: 8604279c

Time (s): cpu = 00:00:00.01 ; elapsed = 00:00:00 . Memory (MB): peak = 2939.652 ; gain = 0.000 ; free physical = 3458 ; free virtual = 7513
Netlist sorting complete. Time (s): cpu = 00:00:00 ; elapsed = 00:00:00 . Memory (MB): peak = 2939.652 ; gain = 0.000 ; free physical = 3458 ; free virtual = 7513

Phase 1.2 IO Placement/ Clock Placement/ Build Placer Device
INFO: [Timing 38-35] Done setting XDC timing constraints.
Phase 1.2 IO Placement/ Clock Placement/ Build Placer Device | Checksum: dee83d8d

Time (s): cpu = 00:00:00.51 ; elapsed = 00:00:00.21 . Memory (MB): peak = 2939.652 ; gain = 0.000 ; free physical = 3458 ; free virtual = 7513

Phase 1.3 Build Placer Netlist Model
Phase 1.3 Build Placer Netlist Model | Checksum: c86a7ebc

Time (s): cpu = 00:00:00.89 ; elapsed = 00:00:00.32 . Memory (MB): peak = 2939.652 ; gain = 0.000 ; free physical = 3457 ; free virtual = 7512

Phase 1.4 Constrain Clocks/Macros
Phase 1.4 Constrain Clocks/Macros | Checksum: c86a7ebc

Time (s): cpu = 00:00:00.9 ; elapsed = 00:00:00.32 . Memory (MB): peak = 2939.652 ; gain = 0.000 ; free physical = 3457 ; free virtual = 7512
Phase 1 Placer Initialization | Checksum: c86a7ebc

Time (s): cpu = 00:00:00.9 ; elapsed = 00:00:00.33 . Memory (MB): peak = 2939.652 ; gain = 0.000 ; free physical = 3457 ; free virtual = 7512

Phase 2 Global Placement

Phase 2.1 Floorplanning
Phase 2.1 Floorplanning | Checksum: 180a2022f

Time (s): cpu = 00:00:01 ; elapsed = 00:00:00.39 . Memory (MB): peak = 2939.652 ; gain = 0.000 ; free physical = 3460 ; free virtual = 7515

Phase 2.2 Update Timing before SLR Path Opt
Phase 2.2 Update Timing before SLR Path Opt | Checksum: 14ad21b74

Time (s): cpu = 00:00:01 ; elapsed = 00:00:00.43 . Memory (MB): peak = 2939.652 ; gain = 0.000 ; free physical = 3506 ; free virtual = 7561

Phase 2.3 Post-Processing in Floorplanning
Phase 2.3 Post-Processing in Floorplanning | Checksum: 14ad21b74

Time (s): cpu = 00:00:01 ; elapsed = 00:00:00.43 . Memory (MB): peak = 2939.652 ; gain = 0.000 ; free physical = 3506 ; free virtual = 7561

Phase 2.4 Global Placement Core

Phase 2.4.1 UpdateTiming Before Physical Synthesis
Phase 2.4.1 UpdateTiming Before Physical Synthesis | Checksum: f433d0ad

Time (s): cpu = 00:00:04 ; elapsed = 00:00:01 . Memory (MB): peak = 2939.652 ; gain = 0.000 ; free physical = 3532 ; free virtual = 7587

Phase 2.4.2 Physical Synthesis In Placer
INFO: [Physopt 32-1035] Found 0 LUTNM shape to break, 13 LUT instances to create LUTNM shape
INFO: [Physopt 32-1044] Break lutnm for timing: one critical 0, two critical 0, total 0, new lutff created 0
INFO: [Physopt 32-1138] End 1 Pass. Optimized 5 nets or LUTs. Breaked 0 LUT, combined 5 existing LUTs and moved 0 existing LUT
INFO: [Physopt 32-65] No nets found for high-fanout optimization.
INFO: [Physopt 32-232] Optimized 0 net. Created 0 new instance.
INFO: [Physopt 32-775] End 1 Pass. Optimized 0 net or cell. Created 0 new cell, deleted 0 existing cell and moved 0 existing cell
INFO: [Physopt 32-670] No setup violation found.  DSP Register Optimization was not performed.
INFO: [Physopt 32-670] No setup violation found.  Shift Register to Pipeline Optimization was not performed.
INFO: [Physopt 32-670] No setup violation found.  Shift Register Optimization was not performed.
INFO: [Physopt 32-670] No setup violation found.  BRAM Register Optimization was not performed.
INFO: [Physopt 32-670] No setup violation found.  URAM Register Optimization was not performed.
INFO: [Physopt 32-949] No candidate nets found for dynamic/static region interface net replication
INFO: [Physopt 32-775] End 1 Pass. Optimized 0 net or cell. Created 0 new cell, deleted 0 existing cell and moved 0 existing cell
Netlist sorting complete. Time (s): cpu = 00:00:00 ; elapsed = 00:00:00 . Memory (MB): peak = 2939.652 ; gain = 0.000 ; free physical = 3531 ; free virtual = 7586

Summary of Physical Synthesis Optimizations
============================================


-----------------------------------------------------------------------------------------------------------------------------------------------------------
|  Optimization                                     |  Added Cells  |  Removed Cells  |  Optimized Cells/Nets  |  Dont Touch  |  Iterations  |  Elapsed   |
-----------------------------------------------------------------------------------------------------------------------------------------------------------
|  LUT Combining                                    |            0  |              5  |                     5  |           0  |           1  |  00:00:00  |
|  Retime                                           |            0  |              0  |                     0  |           0  |           1  |  00:00:00  |
|  Very High Fanout                                 |            0  |              0  |                     0  |           0  |           1  |  00:00:00  |
|  DSP Register                                     |            0  |              0  |                     0  |           0  |           0  |  00:00:00  |
|  Shift Register to Pipeline                       |            0  |              0  |                     0  |           0  |           0  |  00:00:00  |
|  Shift Register                                   |            0  |              0  |                     0  |           0  |           0  |  00:00:00  |
|  BRAM Register                                    |            0  |              0  |                     0  |           0  |           0  |  00:00:00  |
|  URAM Register                                    |            0  |              0  |                     0  |           0  |           0  |  00:00:00  |
|  Dynamic/Static Region Interface Net Replication  |            0  |              0  |                     0  |           0  |           1  |  00:00:00  |
|  Total                                            |            0  |              5  |                     5  |           0  |           4  |  00:00:00  |
-----------------------------------------------------------------------------------------------------------------------------------------------------------


Phase 2.4.2 Physical Synthesis In Placer | Checksum: 19ade0be7

Time (s): cpu = 00:00:04 ; elapsed = 00:00:01 . Memory (MB): peak = 2939.652 ; gain = 0.000 ; free physical = 3530 ; free virtual = 7586
Phase 2.4 Global Placement Core | Checksum: 11b46a58f

Time (s): cpu = 00:00:05 ; elapsed = 00:00:01 . Memory (MB): peak = 2939.652 ; gain = 0.000 ; free physical = 3529 ; free virtual = 7585
Phase 2 Global Placement | Checksum: 11b46a58f

Time (s): cpu = 00:00:05 ; elapsed = 00:00:01 . Memory (MB): peak = 2939.652 ; gain = 0.000 ; free physical = 3529 ; free virtual = 7585

Phase 3 Detail Placement

Phase 3.1 Commit Multi Column Macros
Phase 3.1 Commit Multi Column Macros | Checksum: 102a038be

Time (s): cpu = 00:00:05 ; elapsed = 00:00:01 . Memory (MB): peak = 2939.652 ; gain = 0.000 ; free physical = 3529 ; free virtual = 7585

Phase 3.2 Commit Most Macros & LUTRAMs
Phase 3.2 Commit Most Macros & LUTRAMs | Checksum: 14fb595f9

Time (s): cpu = 00:00:05 ; elapsed = 00:00:01 . Memory (MB): peak = 2939.652 ; gain = 0.000 ; free physical = 3528 ; free virtual = 7584

Phase 3.3 Area Swap Optimization
Phase 3.3 Area Swap Optimization | Checksum: 216b8ecee

Time (s): cpu = 00:00:05 ; elapsed = 00:00:01 . Memory (MB): peak = 2939.652 ; gain = 0.000 ; free physical = 3528 ; free virtual = 7584

Phase 3.4 Pipeline Register Optimization
Phase 3.4 Pipeline Register Optimization | Checksum: 16fb3d2a4

Time (s): cpu = 00:00:05 ; elapsed = 00:00:01 . Memory (MB): peak = 2939.652 ; gain = 0.000 ; free physical = 3528 ; free virtual = 7584

Phase 3.5 Small Shape Detail Placement
Phase 3.5 Small Shape Detail Placement | Checksum: f6b3da8d

Time (s): cpu = 00:00:06 ; elapsed = 00:00:02 . Memory (MB): peak = 2939.652 ; gain = 0.000 ; free physical = 3525 ; free virtual = 7580

Phase 3.6 Re-assign LUT pins
Phase 3.6 Re-assign LUT pins | Checksum: 10a49767a

Time (s): cpu = 00:00:06 ; elapsed = 00:00:02 . Memory (MB): peak = 2939.652 ; gain = 0.000 ; free physical = 3525 ; free virtual = 7580

Phase 3.7 Pipeline Register Optimization
Phase 3.7 Pipeline Register Optimization | Checksum: 1b1466434

Time (s): cpu = 00:00:06 ; elapsed = 00:00:02 . Memory (MB): peak = 2939.652 ; gain = 0.000 ; free physical = 3525 ; free virtual = 7580
Phase 3 Detail Placement | Checksum: 1b1466434

Time (s): cpu = 00:00:06 ; elapsed = 00:00:02 . Memory (MB): peak = 2939.652 ; gain = 0.000 ; free physical = 3525 ; free virtual = 7580

Phase 4 Post Placement Optimization and Clean-Up

Phase 4.1 Post Commit Optimization
INFO: [Timing 38-35] Done setting XDC timing constraints.

Phase 4.1.1 Post Placement Optimization
Post Placement Optimization Initialization | Checksum: 8c0ed81a

Phase 4.1.1.1 BUFG Insertion

Starting Physical Synthesis Task

Phase 1 Physical Synthesis Initialization
INFO: [Physopt 32-721] Multithreading enabled for phys_opt_design using a maximum of 8 CPUs
INFO: [Physopt 32-619] Estimated Timing Summary | WNS=3.426 | TNS=0.000 |
Phase 1 Physical Synthesis Initialization | Checksum: f02cc350

Time (s): cpu = 00:00:00.12 ; elapsed = 00:00:00.04 . Memory (MB): peak = 2939.652 ; gain = 0.000 ; free physical = 3512 ; free virtual = 7568
INFO: [Place 46-56] BUFG insertion identified 0 candidate nets. Inserted BUFG: 0, Replicated BUFG Driver: 0, Skipped due to Placement/Routing Conflicts: 0, Skipped due to Timing Degradation: 0, Skipped due to netlist editing failed: 0.
Ending Physical Synthesis Task | Checksum: 157eed3bd

Time (s): cpu = 00:00:00.12 ; elapsed = 00:00:00.04 . Memory (MB): peak = 2939.652 ; gain = 0.000 ; free physical = 3512 ; free virtual = 7568
Phase 4.1.1.1 BUFG Insertion | Checksum: 8c0ed81a

Time (s): cpu = 00:00:06 ; elapsed = 00:00:02 . Memory (MB): peak = 2939.652 ; gain = 0.000 ; free physical = 3512 ; free virtual = 7568

Phase 4.1.1.2 Post Placement Timing Optimization
INFO: [Place 30-746] Post Placement Timing Summary WNS=3.426. For the most accurate timing information please run report_timing.
Phase 4.1.1.2 Post Placement Timing Optimization | Checksum: 941e3cea

Time (s): cpu = 00:00:06 ; elapsed = 00:00:02 . Memory (MB): peak = 2939.652 ; gain = 0.000 ; free physical = 3512 ; free virtual = 7568

Time (s): cpu = 00:00:06 ; elapsed = 00:00:02 . Memory (MB): peak = 2939.652 ; gain = 0.000 ; free physical = 3512 ; free virtual = 7568
Phase 4.1 Post Commit Optimization | Checksum: 941e3cea

Time (s): cpu = 00:00:06 ; elapsed = 00:00:02 . Memory (MB): peak = 2939.652 ; gain = 0.000 ; free physical = 3512 ; free virtual = 7568

Phase 4.2 Post Placement Cleanup
Phase 4.2 Post Placement Cleanup | Checksum: 941e3cea

Time (s): cpu = 00:00:06 ; elapsed = 00:00:02 . Memory (MB): peak = 2939.652 ; gain = 0.000 ; free physical = 3512 ; free virtual = 7568

Phase 4.3 Placer Reporting

Phase 4.3.1 Print Estimated Congestion
INFO: [Place 30-612] Post-Placement Estimated Congestion 
 ____________________________________________________
|           | Global Congestion | Short Congestion  |
| Direction | Region Size       | Region Size       |
|___________|___________________|___________________|
|      North|                1x1|                1x1|
|___________|___________________|___________________|
|      South|                1x1|                1x1|
|___________|___________________|___________________|
|       East|                1x1|                1x1|
|___________|___________________|___________________|
|       West|                1x1|                1x1|
|___________|___________________|___________________|

Phase 4.3.1 Print Estimated Congestion | Checksum: 941e3cea

Time (s): cpu = 00:00:06 ; elapsed = 00:00:02 . Memory (MB): peak = 2939.652 ; gain = 0.000 ; free physical = 3512 ; free virtual = 7568
Phase 4.3 Placer Reporting | Checksum: 941e3cea

Time (s): cpu = 00:00:06 ; elapsed = 00:00:02 . Memory (MB): peak = 2939.652 ; gain = 0.000 ; free physical = 3512 ; free virtual = 7568

Phase 4.4 Final Placement Cleanup
Netlist sorting complete. Time (s): cpu = 00:00:00 ; elapsed = 00:00:00 . Memory (MB): peak = 2939.652 ; gain = 0.000 ; free physical = 3512 ; free virtual = 7568

Time (s): cpu = 00:00:06 ; elapsed = 00:00:02 . Memory (MB): peak = 2939.652 ; gain = 0.000 ; free physical = 3512 ; free virtual = 7568
Phase 4 Post Placement Optimization and Clean-Up | Checksum: a0046a0e

Time (s): cpu = 00:00:06 ; elapsed = 00:00:02 . Memory (MB): peak = 2939.652 ; gain = 0.000 ; free physical = 3512 ; free virtual = 7568
Ending Placer Task | Checksum: 8880498c

Time (s): cpu = 00:00:06 ; elapsed = 00:00:02 . Memory (MB): peak = 2939.652 ; gain = 0.000 ; free physical = 3512 ; free virtual = 7568
68 Infos, 0 Warnings, 0 Critical Warnings and 0 Errors encountered.
place_design completed successfully
INFO: [Vivado 12-24838] Running report commands "report_control_sets, report_io, report_utilization" in parallel.
Running report generation with 3 threads.
INFO: [Vivado 12-24828] Executing command : report_control_sets -verbose -file design_1_wrapper_control_sets_placed.rpt
report_control_sets: Time (s): cpu = 00:00:00.1 ; elapsed = 00:00:00.07 . Memory (MB): peak = 2939.652 ; gain = 0.000 ; free physical = 3497 ; free virtual = 7552
INFO: [Vivado 12-24828] Executing command : report_utilization -file design_1_wrapper_utilization_placed.rpt -pb design_1_wrapper_utilization_placed.pb
INFO: [Vivado 12-24828] Executing command : report_io -file design_1_wrapper_io_placed.rpt
report_io: Time (s): cpu = 00:00:00.21 ; elapsed = 00:00:00.15 . Memory (MB): peak = 2939.652 ; gain = 0.000 ; free physical = 3483 ; free virtual = 7539
INFO: [Timing 38-480] Writing timing data to binary archive.
Write ShapeDB Complete: Time (s): cpu = 00:00:00.03 ; elapsed = 00:00:00.01 . Memory (MB): peak = 2939.652 ; gain = 0.000 ; free physical = 3481 ; free virtual = 7537
Wrote PlaceDB: Time (s): cpu = 00:00:00.18 ; elapsed = 00:00:00.05 . Memory (MB): peak = 2939.652 ; gain = 0.000 ; free physical = 3479 ; free virtual = 7536
Wrote PulsedLatchDB: Time (s): cpu = 00:00:00 ; elapsed = 00:00:00 . Memory (MB): peak = 2939.652 ; gain = 0.000 ; free physical = 3479 ; free virtual = 7536
Writing XDEF routing.
Writing XDEF routing logical nets.
Writing XDEF routing special nets.
Wrote RouteStorage: Time (s): cpu = 00:00:00.05 ; elapsed = 00:00:00.02 . Memory (MB): peak = 2939.652 ; gain = 0.000 ; free physical = 3479 ; free virtual = 7537
Wrote Netlist Cache: Time (s): cpu = 00:00:00 ; elapsed = 00:00:00 . Memory (MB): peak = 2939.652 ; gain = 0.000 ; free physical = 3479 ; free virtual = 7537
Wrote Device Cache: Time (s): cpu = 00:00:00.02 ; elapsed = 00:00:00 . Memory (MB): peak = 2939.652 ; gain = 0.000 ; free physical = 3479 ; free virtual = 7537
Write Physdb Complete: Time (s): cpu = 00:00:00.25 ; elapsed = 00:00:00.07 . Memory (MB): peak = 2939.652 ; gain = 0.000 ; free physical = 3479 ; free virtual = 7538
INFO: [Common 17-1381] The checkpoint '/home/jack/driver_development_petalinux/project/project.runs/impl_1/design_1_wrapper_placed.dcp' has been generated.
Command: phys_opt_design
Attempting to get a license for feature 'Implementation' and/or device 'xc7z020'
INFO: [Common 17-349] Got license for feature 'Implementation' and/or device 'xc7z020'

Starting Initial Update Timing Task

Time (s): cpu = 00:00:00.16 ; elapsed = 00:00:00.07 . Memory (MB): peak = 2939.652 ; gain = 0.000 ; free physical = 3470 ; free virtual = 7526
INFO: [Vivado_Tcl 4-2279] Estimated Timing Summary | WNS= 3.426 | TNS= 0.000 | 
INFO: [Vivado_Tcl 4-383] Design worst setup slack (WNS) is greater than or equal to 0.000 ns. All physical synthesis setup optimizations will be skipped.
INFO: [Vivado_Tcl 4-232] No setup violation found. The netlist was not modified.
INFO: [Common 17-83] Releasing license: Implementation
79 Infos, 0 Warnings, 0 Critical Warnings and 0 Errors encountered.
phys_opt_design completed successfully
INFO: [Timing 38-480] Writing timing data to binary archive.
Write ShapeDB Complete: Time (s): cpu = 00:00:00.02 ; elapsed = 00:00:00.01 . Memory (MB): peak = 2939.652 ; gain = 0.000 ; free physical = 3470 ; free virtual = 7527
Wrote PlaceDB: Time (s): cpu = 00:00:00.15 ; elapsed = 00:00:00.04 . Memory (MB): peak = 2939.652 ; gain = 0.000 ; free physical = 3470 ; free virtual = 7528
Wrote PulsedLatchDB: Time (s): cpu = 00:00:00 ; elapsed = 00:00:00 . Memory (MB): peak = 2939.652 ; gain = 0.000 ; free physical = 3470 ; free virtual = 7528
Writing XDEF routing.
Writing XDEF routing logical nets.
Writing XDEF routing special nets.
Wrote RouteStorage: Time (s): cpu = 00:00:00.05 ; elapsed = 00:00:00.02 . Memory (MB): peak = 2939.652 ; gain = 0.000 ; free physical = 3470 ; free virtual = 7528
Wrote Netlist Cache: Time (s): cpu = 00:00:00 ; elapsed = 00:00:00 . Memory (MB): peak = 2939.652 ; gain = 0.000 ; free physical = 3470 ; free virtual = 7528
Wrote Device Cache: Time (s): cpu = 00:00:00.01 ; elapsed = 00:00:00.01 . Memory (MB): peak = 2939.652 ; gain = 0.000 ; free physical = 3469 ; free virtual = 7528
Write Physdb Complete: Time (s): cpu = 00:00:00.22 ; elapsed = 00:00:00.07 . Memory (MB): peak = 2939.652 ; gain = 0.000 ; free physical = 3469 ; free virtual = 7528
INFO: [Common 17-1381] The checkpoint '/home/jack/driver_development_petalinux/project/project.runs/impl_1/design_1_wrapper_physopt.dcp' has been generated.
Command: route_design
Attempting to get a license for feature 'Implementation' and/or device 'xc7z020'
INFO: [Common 17-349] Got license for feature 'Implementation' and/or device 'xc7z020'
Running DRC as a precondition to command route_design
INFO: [DRC 23-27] Running DRC with 8 threads
INFO: [Vivado_Tcl 4-198] DRC finished with 0 Errors
INFO: [Vivado_Tcl 4-199] Please refer to the DRC report (report_drc) for more information.


Starting Routing Task
INFO: [Route 35-254] Multithreading enabled for route_design using a maximum of 8 CPUs

Phase 1 Build RT Design
Checksum: PlaceDB: 613d592f ConstDB: 0 ShapeSum: 11497d6d RouteDB: 15f972f0
Post Restoration Checksum: NetGraph: c8536a40 | NumContArr: c192c5a5 | Constraints: c2a8fa9d | Timing: c2a8fa9d
Phase 1 Build RT Design | Checksum: 30f38251f

Time (s): cpu = 00:00:11 ; elapsed = 00:00:09 . Memory (MB): peak = 3016.301 ; gain = 64.656 ; free physical = 3339 ; free virtual = 7395

Phase 2 Router Initialization

Phase 2.1 Fix Topology Constraints
Phase 2.1 Fix Topology Constraints | Checksum: 30f38251f

Time (s): cpu = 00:00:11 ; elapsed = 00:00:09 . Memory (MB): peak = 3016.301 ; gain = 64.656 ; free physical = 3339 ; free virtual = 7395

Phase 2.2 Pre Route Cleanup
Phase 2.2 Pre Route Cleanup | Checksum: 30f38251f

Time (s): cpu = 00:00:11 ; elapsed = 00:00:09 . Memory (MB): peak = 3016.301 ; gain = 64.656 ; free physical = 3339 ; free virtual = 7395
 Number of Nodes with overlaps = 0

Phase 2.3 Update Timing
Phase 2.3 Update Timing | Checksum: 20e336b24

Time (s): cpu = 00:00:12 ; elapsed = 00:00:09 . Memory (MB): peak = 3060.379 ; gain = 108.734 ; free physical = 3314 ; free virtual = 7370
INFO: [Route 35-416] Intermediate Timing Summary | WNS=3.584  | TNS=0.000  | WHS=-0.151 | THS=-10.492|


Router Utilization Summary
  Global Vertical Routing Utilization    = 0 %
  Global Horizontal Routing Utilization  = 0 %
  Routable Net Status*
  *Does not include unroutable nets such as driverless and loadless.
  Run report_route_status for detailed report.
  Number of Failed Nets               = 1108
    (Failed Nets is the sum of unrouted and partially routed nets)
  Number of Unrouted Nets             = 1108
  Number of Partially Routed Nets     = 0
  Number of Node Overlaps             = 0

Phase 2 Router Initialization | Checksum: 16a8a33fd

Time (s): cpu = 00:00:13 ; elapsed = 00:00:09 . Memory (MB): peak = 3060.379 ; gain = 108.734 ; free physical = 3312 ; free virtual = 7368

Phase 3 Global Routing
Phase 3 Global Routing | Checksum: 16a8a33fd

Time (s): cpu = 00:00:13 ; elapsed = 00:00:09 . Memory (MB): peak = 3060.379 ; gain = 108.734 ; free physical = 3312 ; free virtual = 7368

Phase 4 Initial Routing

Phase 4.1 Initial Net Routing Pass
Phase 4.1 Initial Net Routing Pass | Checksum: 1b8e5365b

Time (s): cpu = 00:00:13 ; elapsed = 00:00:09 . Memory (MB): peak = 3060.379 ; gain = 108.734 ; free physical = 3312 ; free virtual = 7368
Phase 4 Initial Routing | Checksum: 1b8e5365b

Time (s): cpu = 00:00:13 ; elapsed = 00:00:09 . Memory (MB): peak = 3060.379 ; gain = 108.734 ; free physical = 3312 ; free virtual = 7368

Phase 5 Rip-up And Reroute

Phase 5.1 Global Iteration 0
 Number of Nodes with overlaps = 73
 Number of Nodes with overlaps = 0
INFO: [Route 35-416] Intermediate Timing Summary | WNS=4.080  | TNS=0.000  | WHS=N/A    | THS=N/A    |

Phase 5.1 Global Iteration 0 | Checksum: 1e028f590

Time (s): cpu = 00:00:14 ; elapsed = 00:00:10 . Memory (MB): peak = 3060.379 ; gain = 108.734 ; free physical = 3312 ; free virtual = 7368

Phase 5.2 Global Iteration 1
 Number of Nodes with overlaps = 3
 Number of Nodes with overlaps = 0
INFO: [Route 35-416] Intermediate Timing Summary | WNS=4.080  | TNS=0.000  | WHS=N/A    | THS=N/A    |

Phase 5.2 Global Iteration 1 | Checksum: 1c9f0af02

Time (s): cpu = 00:00:14 ; elapsed = 00:00:10 . Memory (MB): peak = 3060.379 ; gain = 108.734 ; free physical = 3312 ; free virtual = 7368
Phase 5 Rip-up And Reroute | Checksum: 1c9f0af02

Time (s): cpu = 00:00:14 ; elapsed = 00:00:10 . Memory (MB): peak = 3060.379 ; gain = 108.734 ; free physical = 3312 ; free virtual = 7368

Phase 6 Delay and Skew Optimization

Phase 6.1 Delay CleanUp
Phase 6.1 Delay CleanUp | Checksum: 1c9f0af02

Time (s): cpu = 00:00:14 ; elapsed = 00:00:10 . Memory (MB): peak = 3060.379 ; gain = 108.734 ; free physical = 3312 ; free virtual = 7368

Phase 6.2 Clock Skew Optimization
Phase 6.2 Clock Skew Optimization | Checksum: 1c9f0af02

Time (s): cpu = 00:00:14 ; elapsed = 00:00:10 . Memory (MB): peak = 3060.379 ; gain = 108.734 ; free physical = 3312 ; free virtual = 7368
Phase 6 Delay and Skew Optimization | Checksum: 1c9f0af02

Time (s): cpu = 00:00:14 ; elapsed = 00:00:10 . Memory (MB): peak = 3060.379 ; gain = 108.734 ; free physical = 3312 ; free virtual = 7368

Phase 7 Post Hold Fix

Phase 7.1 Hold Fix Iter
INFO: [Route 35-416] Intermediate Timing Summary | WNS=4.094  | TNS=0.000  | WHS=0.042  | THS=0.000  |

Phase 7.1 Hold Fix Iter | Checksum: 1e05bb7e9

Time (s): cpu = 00:00:14 ; elapsed = 00:00:10 . Memory (MB): peak = 3060.379 ; gain = 108.734 ; free physical = 3312 ; free virtual = 7368
Phase 7 Post Hold Fix | Checksum: 1e05bb7e9

Time (s): cpu = 00:00:14 ; elapsed = 00:00:10 . Memory (MB): peak = 3060.379 ; gain = 108.734 ; free physical = 3312 ; free virtual = 7368

Phase 8 Route finalize

Router Utilization Summary
  Global Vertical Routing Utilization    = 0.153257 %
  Global Horizontal Routing Utilization  = 0.175287 %
  Routable Net Status*
  *Does not include unroutable nets such as driverless and loadless.
  Run report_route_status for detailed report.
  Number of Failed Nets               = 0
    (Failed Nets is the sum of unrouted and partially routed nets)
  Number of Unrouted Nets             = 0
  Number of Partially Routed Nets     = 0
  Number of Node Overlaps             = 0

Phase 8 Route finalize | Checksum: 1e05bb7e9

Time (s): cpu = 00:00:14 ; elapsed = 00:00:10 . Memory (MB): peak = 3060.379 ; gain = 108.734 ; free physical = 3312 ; free virtual = 7368

Phase 9 Verifying routed nets

 Verification completed successfully
Phase 9 Verifying routed nets | Checksum: 1e05bb7e9

Time (s): cpu = 00:00:14 ; elapsed = 00:00:10 . Memory (MB): peak = 3060.379 ; gain = 108.734 ; free physical = 3312 ; free virtual = 7368

Phase 10 Depositing Routes
Phase 10 Depositing Routes | Checksum: 1828674a9

Time (s): cpu = 00:00:14 ; elapsed = 00:00:10 . Memory (MB): peak = 3060.379 ; gain = 108.734 ; free physical = 3312 ; free virtual = 7368

Phase 11 Post Process Routing
Phase 11 Post Process Routing | Checksum: 1828674a9

Time (s): cpu = 00:00:14 ; elapsed = 00:00:10 . Memory (MB): peak = 3060.379 ; gain = 108.734 ; free physical = 3312 ; free virtual = 7368

Phase 12 Post Router Timing
INFO: [Route 35-57] Estimated Timing Summary | WNS=4.094  | TNS=0.000  | WHS=0.042  | THS=0.000  |

INFO: [Route 35-327] The final timing numbers are based on the router estimated timing analysis. For a complete and accurate timing signoff, please run report_timing_summary.
Phase 12 Post Router Timing | Checksum: 1828674a9

Time (s): cpu = 00:00:14 ; elapsed = 00:00:10 . Memory (MB): peak = 3060.379 ; gain = 108.734 ; free physical = 3312 ; free virtual = 7368
Total Elapsed time in route_design: 9.77 secs

Phase 13 Post-Route Event Processing
Phase 13 Post-Route Event Processing | Checksum: 16dae0bae

Time (s): cpu = 00:00:14 ; elapsed = 00:00:10 . Memory (MB): peak = 3060.379 ; gain = 108.734 ; free physical = 3312 ; free virtual = 7368
INFO: [Route 35-16] Router Completed Successfully
Ending Routing Task | Checksum: 16dae0bae

Time (s): cpu = 00:00:14 ; elapsed = 00:00:10 . Memory (MB): peak = 3060.379 ; gain = 108.734 ; free physical = 3312 ; free virtual = 7368

Routing Is Done.
INFO: [Common 17-83] Releasing license: Implementation
94 Infos, 0 Warnings, 0 Critical Warnings and 0 Errors encountered.
route_design completed successfully
route_design: Time (s): cpu = 00:00:15 ; elapsed = 00:00:10 . Memory (MB): peak = 3060.379 ; gain = 120.727 ; free physical = 3312 ; free virtual = 7368
INFO: [Vivado 12-24828] Executing command : report_drc -file design_1_wrapper_drc_routed.rpt -pb design_1_wrapper_drc_routed.pb -rpx design_1_wrapper_drc_routed.rpx
Command: report_drc -file design_1_wrapper_drc_routed.rpt -pb design_1_wrapper_drc_routed.pb -rpx design_1_wrapper_drc_routed.rpx
INFO: [IP_Flow 19-1839] IP Catalog is up to date.
INFO: [DRC 23-27] Running DRC with 8 threads
INFO: [Vivado_Tcl 2-168] The results of DRC are in file /home/jack/driver_development_petalinux/project/project.runs/impl_1/design_1_wrapper_drc_routed.rpt.
report_drc completed successfully
INFO: [Vivado 12-24828] Executing command : report_methodology -file design_1_wrapper_methodology_drc_routed.rpt -pb design_1_wrapper_methodology_drc_routed.pb -rpx design_1_wrapper_methodology_drc_routed.rpx
Command: report_methodology -file design_1_wrapper_methodology_drc_routed.rpt -pb design_1_wrapper_methodology_drc_routed.pb -rpx design_1_wrapper_methodology_drc_routed.rpx
INFO: [Timing 38-35] Done setting XDC timing constraints.
INFO: [DRC 23-133] Running Methodology with 8 threads
INFO: [Vivado_Tcl 2-1520] The results of Report Methodology are in file /home/jack/driver_development_petalinux/project/project.runs/impl_1/design_1_wrapper_methodology_drc_routed.rpt.
report_methodology completed successfully
INFO: [Vivado 12-24828] Executing command : report_timing_summary -max_paths 10 -report_unconstrained -file design_1_wrapper_timing_summary_routed.rpt -pb design_1_wrapper_timing_summary_routed.pb -rpx design_1_wrapper_timing_summary_routed.rpx -warn_on_violation 
INFO: [Timing 38-35] Done setting XDC timing constraints.
INFO: [Timing 38-91] UpdateTimingParams: Speed grade: -1, Delay Type: min_max.
INFO: [Timing 38-191] Multithreading enabled for timing update using a maximum of 8 CPUs
INFO: [Vivado 12-24838] Running report commands "report_bus_skew, report_incremental_reuse, report_route_status" in parallel.
Running report generation with 3 threads.
INFO: [Vivado 12-24828] Executing command : report_incremental_reuse -file design_1_wrapper_incremental_reuse_routed.rpt
INFO: [Vivado_Tcl 4-1062] Incremental flow is disabled. No incremental reuse Info to report.
INFO: [Vivado 12-24828] Executing command : report_route_status -file design_1_wrapper_route_status.rpt -pb design_1_wrapper_route_status.pb
INFO: [Vivado 12-24828] Executing command : report_bus_skew -warn_on_violation -file design_1_wrapper_bus_skew_routed.rpt -pb design_1_wrapper_bus_skew_routed.pb -rpx design_1_wrapper_bus_skew_routed.rpx
INFO: [Timing 38-91] UpdateTimingParams: Speed grade: -1, Delay Type: min_max.
INFO: [Timing 38-191] Multithreading enabled for timing update using a maximum of 8 CPUs
INFO: [Vivado 12-24828] Executing command : report_power -file design_1_wrapper_power_routed.rpt -pb design_1_wrapper_power_summary_routed.pb -rpx design_1_wrapper_power_routed.rpx
Command: report_power -file design_1_wrapper_power_routed.rpt -pb design_1_wrapper_power_summary_routed.pb -rpx design_1_wrapper_power_routed.rpx
Running Vector-less Activity Propagation...

Finished Running Vector-less Activity Propagation
114 Infos, 0 Warnings, 0 Critical Warnings and 0 Errors encountered.
report_power completed successfully
INFO: [Vivado 12-24828] Executing command : report_clock_utilization -file design_1_wrapper_clock_utilization_routed.rpt
WARNING: [Device 21-9320] Failed to find the Oracle tile group with name 'HSR_BOUNDARY_TOP'. This is required for Clock regions and Virtual grid.
WARNING: [Device 21-2174] Failed to initialize Virtual grid.
INFO: [Timing 38-480] Writing timing data to binary archive.
Write ShapeDB Complete: Time (s): cpu = 00:00:00.03 ; elapsed = 00:00:00 . Memory (MB): peak = 3148.422 ; gain = 0.000 ; free physical = 3253 ; free virtual = 7311
Wrote PlaceDB: Time (s): cpu = 00:00:00.15 ; elapsed = 00:00:00.04 . Memory (MB): peak = 3148.422 ; gain = 0.000 ; free physical = 3253 ; free virtual = 7311
Wrote PulsedLatchDB: Time (s): cpu = 00:00:00 ; elapsed = 00:00:00 . Memory (MB): peak = 3148.422 ; gain = 0.000 ; free physical = 3253 ; free virtual = 7311
Writing XDEF routing.
Writing XDEF routing logical nets.
Writing XDEF routing special nets.
Wrote RouteStorage: Time (s): cpu = 00:00:00.08 ; elapsed = 00:00:00.02 . Memory (MB): peak = 3148.422 ; gain = 0.000 ; free physical = 3253 ; free virtual = 7312
Wrote Netlist Cache: Time (s): cpu = 00:00:00 ; elapsed = 00:00:00 . Memory (MB): peak = 3148.422 ; gain = 0.000 ; free physical = 3253 ; free virtual = 7312
Wrote Device Cache: Time (s): cpu = 00:00:00.01 ; elapsed = 00:00:00.01 . Memory (MB): peak = 3148.422 ; gain = 0.000 ; free physical = 3253 ; free virtual = 7313
Write Physdb Complete: Time (s): cpu = 00:00:00.24 ; elapsed = 00:00:00.07 . Memory (MB): peak = 3148.422 ; gain = 0.000 ; free physical = 3253 ; free virtual = 7313
INFO: [Common 17-1381] The checkpoint '/home/jack/driver_development_petalinux/project/project.runs/impl_1/design_1_wrapper_routed.dcp' has been generated.
Command: write_bitstream -force design_1_wrapper.bit
Attempting to get a license for feature 'Implementation' and/or device 'xc7z020'
INFO: [Common 17-349] Got license for feature 'Implementation' and/or device 'xc7z020'
Running DRC as a precondition to command write_bitstream
INFO: [IP_Flow 19-1839] IP Catalog is up to date.
INFO: [DRC 23-27] Running DRC with 8 threads
INFO: [Vivado 12-3199] DRC finished with 0 Errors
INFO: [Vivado 12-3200] Please refer to the DRC report (report_drc) for more information.
INFO: [Designutils 20-2272] Running write_bitstream with 8 threads.
Loading data files...
Loading site data...
Loading route data...
Processing options...
Creating bitmap...
Creating bitstream...
Writing bitstream ./design_1_wrapper.bit...
INFO: [Vivado 12-1842] Bitgen Completed Successfully.
INFO: [Project 1-1876] WebTalk data collection is mandatory when using a ULT device. To see the specific WebTalk data collected for your design, open the usage_statistics_webtalk.html or usage_statistics_webtalk.xml file in the implementation directory.
INFO: [Common 17-83] Releasing license: Implementation
126 Infos, 2 Warnings, 0 Critical Warnings and 0 Errors encountered.
write_bitstream completed successfully
write_bitstream: Time (s): cpu = 00:00:08 ; elapsed = 00:00:08 . Memory (MB): peak = 3383.145 ; gain = 234.723 ; free physical = 2984 ; free virtual = 7050
INFO: [Common 17-206] Exiting Vivado at Sat Nov  8 23:52:20 2025...
